<?xml version="1.0" encoding="UTF-8"?>
<!-- Generated by org.testng.reporters.JUnitReportReporter -->
<testsuite hostname="BLR-N0127" failures="0" tests="2" name="com.Test.RCBValidation.Runner.RunnerCuke$RunCuke" time="0.896" errors="0" timestamp="01 Feb 2023 14:29:57 GMT" skipped="0">
  <testcase classname="com.Test.RCBValidation.Runner.RunnerCuke$RunCuke" name="runScenario" time="0.022"/>
  <testcase classname="com.Test.RCBValidation.Runner.RunnerCuke$RunCuke" name="runScenario" time="0.874"/>
</testsuite> <!-- com.Test.RCBValidation.Runner.RunnerCuke$RunCuke -->
