<?xml version="1.0" encoding="UTF-8"?>
<!-- Generated by org.testng.reporters.JUnitReportReporter -->
<testsuite hostname="BLR-N0127" failures="0" tests="2" name="com.Test.RCBValidation.Runner.RunnerCuke$RunCuke" time="0.916" errors="0" timestamp="01 Feb 2023 13:52:03 GMT" skipped="0">
  <testcase classname="com.Test.RCBValidation.Runner.RunnerCuke$RunCuke" name="runScenario" time="0.023"/>
  <testcase classname="com.Test.RCBValidation.Runner.RunnerCuke$RunCuke" name="runScenario" time="0.893"/>
</testsuite> <!-- com.Test.RCBValidation.Runner.RunnerCuke$RunCuke -->
