<?xml version="1.0" encoding="UTF-8"?>
<!-- Generated by org.testng.reporters.JUnitReportReporter -->
<testsuite skipped="0" hostname="Viraj" name="DiggSite.SearchSite" tests="4" failures="0" timestamp="2019-12-15T00:35:31 IST" time="43.277" errors="0">
  <testcase name="searchCameraFromSearchBox" time="22.212" classname="DiggSite.SearchSite"/>
  <testcase name="subHedingLongReads" time="8.843" classname="DiggSite.SearchSite"/>
  <testcase name="subHedingPhotos" time="5.668" classname="DiggSite.SearchSite"/>
  <testcase name="subHedingPhot" time="6.554" classname="DiggSite.SearchSite"/>
</testsuite> <!-- DiggSite.SearchSite -->
