<?xml version="1.0" encoding="UTF-8"?>
<!-- Generated by org.testng.reporters.JUnitReportReporter -->
<testsuite skipped="0" hostname="Viraj" name="HonestFoodCompany.BasicTest.NewTest" tests="1" failures="0" timestamp="2019-12-14T00:07:38 IST" time="40.211" errors="0">
  <testcase name="addToCartFuntion" time="40.211" classname="HonestFoodCompany.BasicTest.NewTest"/>
</testsuite> <!-- HonestFoodCompany.BasicTest.NewTest -->
