<?xml version="1.0" encoding="UTF-8"?>
<!-- Generated by org.testng.reporters.JUnitReportReporter -->
<testsuite skipped="0" hostname="Viraj" name="HonestFoodCompany.BasicTest.addToCartTest" tests="1" failures="0" timestamp="2019-12-14T18:29:30 IST" time="42.744" errors="0">
  <testcase name="addToCartFuntion" time="42.744" classname="HonestFoodCompany.BasicTest.addToCartTest"/>
</testsuite> <!-- HonestFoodCompany.BasicTest.addToCartTest -->
