<?xml version="1.0" encoding="UTF-8"?>
<!-- Generated by org.testng.reporters.JUnitReportReporter -->
<testsuite skipped="0" hostname="Viraj" name="DiggSite.SearchSite" tests="4" failures="0" timestamp="2019-12-14T21:04:02 IST" time="41.995" errors="0">
  <testcase name="searchCameraFromSearchBox" time="17.708" classname="DiggSite.SearchSite"/>
  <testcase name="subHedingLongReads" time="10.865" classname="DiggSite.SearchSite"/>
  <testcase name="subHedingPhotos" time="6.451" classname="DiggSite.SearchSite"/>
  <testcase name="subHedingPhot" time="6.971" classname="DiggSite.SearchSite"/>
</testsuite> <!-- DiggSite.SearchSite -->
