<?xml version="1.0" encoding="UTF-8"?>
<!-- Generated by org.testng.reporters.JUnitReportReporter -->
<testsuite skipped="0" hostname="Viraj" name="HonestFoodCompany.BasicTest.addToCartTest" tests="1" failures="0" timestamp="2019-12-15T09:58:47 IST" time="36.079" errors="0">
  <testcase name="addToCartFuntion" time="36.079" classname="HonestFoodCompany.BasicTest.addToCartTest"/>
</testsuite> <!-- HonestFoodCompany.BasicTest.addToCartTest -->
